<?xml version="1.0" encoding="UTF-8"?>
<!-- Generated by org.testng.reporters.JUnitReportReporter -->
<testsuite hostname="sis-PC" failures="0" tests="1" name="Testcases.Demo" time="12.839" errors="0" timestamp="2022-02-24T14:02:54 IST" skipped="0">
  <testcase classname="Testcases.Demo" name="verifyLogo" time="12.839"/>
  <system-out/>
</testsuite> <!-- Testcases.Demo -->
