<?xml version="1.0" encoding="UTF-8"?>
<!-- Generated by org.testng.reporters.JUnitReportReporter -->
<testsuite hostname="sis-PC" failures="0" tests="1" name="Testcases.Demo" time="67.771" errors="0" timestamp="2022-02-25T12:20:44 IST" skipped="0">
  <testcase classname="Testcases.Demo" name="verifyLogo" time="67.771"/>
  <system-out/>
</testsuite> <!-- Testcases.Demo -->
