<?xml version="1.0" encoding="UTF-8"?>
<!-- Generated by org.testng.reporters.JUnitReportReporter -->
<testsuite hostname="sis-PC" failures="0" tests="4" name="Testcases.Loginpagetest" time="86.717" errors="0" timestamp="2022-02-24T14:02:54 IST" skipped="0">
  <testcase classname="Testcases.Loginpagetest" name="loginpage" time="27.605"/>
  <system-out/>
  <testcase classname="Testcases.Loginpagetest" name="loginpage" time="35.023"/>
  <system-out/>
  <testcase classname="Testcases.Loginpagetest" name="loginpage" time="12.243"/>
  <system-out/>
  <testcase classname="Testcases.Loginpagetest" name="loginpage" time="11.846"/>
  <system-out/>
</testsuite> <!-- Testcases.Loginpagetest -->
