<?xml version="1.0" encoding="UTF-8"?>
<!-- Generated by org.testng.reporters.JUnitReportReporter -->
<testsuite hostname="sis-PC" failures="0" tests="1" name="flipkart.Baseclass" time="15.558" errors="0" timestamp="2022-02-19T14:48:02 IST" skipped="0">
  <testcase classname="flipkart.Baseclass" name="launch" time="15.558"/>
  <system-out/>
</testsuite> <!-- flipkart.Baseclass -->
