<?xml version="1.0" encoding="UTF-8"?>
<!-- Generated by org.testng.reporters.JUnitReportReporter -->
<testsuite hostname="sis-PC" failures="0" tests="4" name="Testcases.Loginpagetest" time="87.801" errors="0" timestamp="2022-02-25T12:20:44 IST" skipped="0">
  <testcase classname="Testcases.Loginpagetest" name="loginpage" time="12.916"/>
  <system-out/>
  <testcase classname="Testcases.Loginpagetest" name="loginpage" time="13.861"/>
  <system-out/>
  <testcase classname="Testcases.Loginpagetest" name="loginpage" time="25.186"/>
  <system-out/>
  <testcase classname="Testcases.Loginpagetest" name="loginpage" time="35.838"/>
  <system-out/>
</testsuite> <!-- Testcases.Loginpagetest -->
