<?xml version="1.0" encoding="UTF-8"?>
<!-- Generated by org.testng.reporters.JUnitReportReporter -->
<testsuite hostname="sis-PC" failures="0" tests="1" name="Testcases.VerifyProduct" time="19.868" errors="0" timestamp="2022-02-24T14:02:54 IST" skipped="0">
  <testcase classname="Testcases.VerifyProduct" name="availabilityofproduct" time="19.868"/>
  <system-out/>
</testsuite> <!-- Testcases.VerifyProduct -->
