<?xml version="1.0" encoding="UTF-8"?>
<!-- Generated by org.testng.reporters.JUnitReportReporter -->
<testsuite hostname="sis-PC" failures="0" tests="4" name="Testcases.Loginpagetest" time="80.480" errors="0" timestamp="2022-02-23T20:11:19 IST" skipped="0">
  <testcase classname="Testcases.Loginpagetest" name="loginpage" time="20.134"/>
  <system-out/>
  <testcase classname="Testcases.Loginpagetest" name="loginpage" time="12.945"/>
  <system-out/>
  <testcase classname="Testcases.Loginpagetest" name="loginpage" time="13.138"/>
  <system-out/>
  <testcase classname="Testcases.Loginpagetest" name="loginpage" time="34.263"/>
  <system-out/>
</testsuite> <!-- Testcases.Loginpagetest -->
