<?xml version="1.0" encoding="UTF-8"?>
<!-- Generated by org.testng.reporters.JUnitReportReporter -->
<testsuite hostname="sis-PC" failures="0" tests="4" name="Testcases.Loginpagetest" time="86.199" errors="0" timestamp="2022-02-24T14:35:29 IST" skipped="0">
  <testcase classname="Testcases.Loginpagetest" name="loginpage" time="13.221"/>
  <system-out/>
  <testcase classname="Testcases.Loginpagetest" name="loginpage" time="34.756"/>
  <system-out/>
  <testcase classname="Testcases.Loginpagetest" name="loginpage" time="24.066"/>
  <system-out/>
  <testcase classname="Testcases.Loginpagetest" name="loginpage" time="14.156"/>
  <system-out/>
</testsuite> <!-- Testcases.Loginpagetest -->
