<?xml version="1.0" encoding="UTF-8"?>
<!-- Generated by org.testng.reporters.JUnitReportReporter -->
<testsuite hostname="sis-PC" failures="0" tests="1" name="Testcases.Productavailability" time="31.950" errors="0" timestamp="2022-02-24T14:35:29 IST" skipped="0">
  <testcase classname="Testcases.Productavailability" name="product" time="31.950"/>
  <system-out/>
</testsuite> <!-- Testcases.Productavailability -->
