<?xml version="1.0" encoding="UTF-8"?>
<!-- Generated by org.testng.reporters.JUnitReportReporter -->
<testsuite hostname="sis-PC" failures="0" tests="1" name="Testcases.VerifyProduct" time="124.742" errors="0" timestamp="2022-02-24T11:49:32 IST" skipped="0">
  <testcase classname="Testcases.VerifyProduct" name="availabilityofproduct" time="124.742"/>
  <system-out/>
</testsuite> <!-- Testcases.VerifyProduct -->
