<?xml version="1.0" encoding="UTF-8"?>
<!-- Generated by org.testng.reporters.JUnitReportReporter -->
<testsuite hostname="sis-PC" failures="0" tests="4" name="Testcases.Loginpagetest" time="155.130" errors="0" timestamp="2022-02-24T11:49:32 IST" skipped="0">
  <testcase classname="Testcases.Loginpagetest" name="loginpage" time="27.069"/>
  <system-out/>
  <testcase classname="Testcases.Loginpagetest" name="loginpage" time="62.071"/>
  <system-out/>
  <testcase classname="Testcases.Loginpagetest" name="loginpage" time="18.776"/>
  <system-out/>
  <testcase classname="Testcases.Loginpagetest" name="loginpage" time="47.214"/>
  <system-out/>
</testsuite> <!-- Testcases.Loginpagetest -->
