<?xml version="1.0" encoding="UTF-8"?>
<!-- Generated by org.testng.reporters.JUnitReportReporter -->
<testsuite hostname="sis-PC" failures="0" tests="1" name="Testcases.Productavailability" time="34.111" errors="0" timestamp="2022-02-23T20:14:45 IST" skipped="0">
  <testcase classname="Testcases.Productavailability" name="product" time="34.111"/>
  <system-out/>
</testsuite> <!-- Testcases.Productavailability -->
