<?xml version="1.0" encoding="UTF-8"?>
<!-- Generated by org.testng.reporters.JUnitReportReporter -->
<testsuite hostname="sis-PC" failures="0" tests="4" name="Testcases.Loginpagetest" time="76.903" errors="0" timestamp="2022-02-23T20:14:45 IST" skipped="0">
  <testcase classname="Testcases.Loginpagetest" name="loginpage" time="13.594"/>
  <system-out/>
  <testcase classname="Testcases.Loginpagetest" name="loginpage" time="13.054"/>
  <system-out/>
  <testcase classname="Testcases.Loginpagetest" name="loginpage" time="35.783"/>
  <system-out/>
  <testcase classname="Testcases.Loginpagetest" name="loginpage" time="14.472"/>
  <system-out/>
</testsuite> <!-- Testcases.Loginpagetest -->
