<?xml version="1.0" encoding="UTF-8"?>
<!-- Generated by org.testng.reporters.JUnitReportReporter -->
<testsuite hostname="sis-PC" failures="0" tests="1" name="Testcases.Productavailability" time="41.427" errors="0" timestamp="2022-02-23T14:00:29 IST" skipped="0">
  <testcase classname="Testcases.Productavailability" name="product" time="41.427"/>
  <system-out/>
</testsuite> <!-- Testcases.Productavailability -->
