<?xml version="1.0" encoding="UTF-8"?>
<!-- Generated by org.testng.reporters.JUnitReportReporter -->
<testsuite hostname="sis-PC" failures="0" tests="4" name="Testcases.Loginpagetest" time="81.566" errors="0" timestamp="2022-02-25T13:59:58 IST" skipped="0">
  <testcase classname="Testcases.Loginpagetest" name="loginpage" time="14.823"/>
  <system-out/>
  <testcase classname="Testcases.Loginpagetest" name="loginpage" time="14.621"/>
  <system-out/>
  <testcase classname="Testcases.Loginpagetest" name="loginpage" time="37.364"/>
  <system-out/>
  <testcase classname="Testcases.Loginpagetest" name="loginpage" time="14.758"/>
  <system-out/>
</testsuite> <!-- Testcases.Loginpagetest -->
